<?xml version="1.0" encoding="UTF-8"?>
<!-- Generated by org.testng.reporters.JUnitReportReporter -->
<testsuite hostname="ravis-MacBook-Pro.local" name="twc.WebPerformance.TestCases.TestCases" tests="1" failures="0" timestamp="23 Aug 2016 15:26:33 GMT" time="73.300" errors="0">
  <testcase name="WebPerformance_TestCase" time="73.300" classname="twc.WebPerformance.TestCases.TestCases"/>
</testsuite> <!-- twc.WebPerformance.TestCases.TestCases -->
